# JRE version: OpenJDK Runtime Environment (8.0_112-b06) (build 1.8.0_112-release-b06)
# Java VM: OpenJDK 64-Bit Server VM (25.112-b06 mixed mode windows-amd64 compressed oops)
Heap:
 PSYoungGen      total 239104K, used 92538K [0x00000000e0000000, 0x00000000efb00000, 0x0000000100000000)
  eden space 224768K, 37% used [0x00000000e0000000,0x00000000e5315370,0x00000000edb80000)
  from space 14336K, 52% used [0x00000000ee900000,0x00000000ef049830,0x00000000ef700000)
  to   space 13824K, 0% used [0x00000000edb80000,0x00000000edb80000,0x00000000ee900000)
 ParOldGen       total 68608K, used 36442K [0x00000000a0000000, 0x00000000a4300000, 0x00000000e0000000)
  object space 68608K, 53% used [0x00000000a0000000,0x00000000a23969e8,0x00000000a4300000)
 Metaspace       used 66918K, capacity 69188K, committed 69376K, reserved 1110016K
  class space    used 8481K, capacity 8913K, committed 8960K, reserved 1048576K
GC Heap History (10 events):
Event: 66.781 GC heap before
{Heap before GC invocations=19 (full 2):
 PSYoungGen      total 173056K, used 76773K [0x00000000e0000000, 0x00000000eb600000, 0x0000000100000000)
  eden space 160256K, 42% used [0x00000000e0000000,0x00000000e42f8b50,0x00000000e9c80000)
  from space 12800K, 64% used [0x00000000ea900000,0x00000000eb100af8,0x00000000eb580000)
  to   space 12800K, 0% used [0x00000000e9c80000,0x00000000e9c80000,0x00000000ea900000)
 ParOldGen       total 39424K, used 28795K [0x00000000a0000000, 0x00000000a2680000, 0x00000000e0000000)
  object space 39424K, 73% used [0x00000000a0000000,0x00000000a1c1ef90,0x00000000a2680000)
 Metaspace       used 57442K, capacity 59112K, committed 59160K, reserved 1099776K
  class space    used 7648K, capacity 8029K, committed 8064K, reserved 1048576K
Event: 66.796 GC heap after
Heap after GC invocations=19 (full 2):
 PSYoungGen      total 173056K, used 4011K [0x00000000e0000000, 0x00000000edf80000, 0x0000000100000000)
  eden space 160256K, 0% used [0x00000000e0000000,0x00000000e0000000,0x00000000e9c80000)
  from space 12800K, 31% used [0x00000000e9c80000,0x00000000ea06ac50,0x00000000ea900000)
  to   space 12800K, 0% used [0x00000000ed300000,0x00000000ed300000,0x00000000edf80000)
 ParOldGen       total 39424K, used 33111K [0x00000000a0000000, 0x00000000a2680000, 0x00000000e0000000)
  object space 39424K, 83% used [0x00000000a0000000,0x00000000a2055f20,0x00000000a2680000)
 Metaspace       used 57442K, capacity 59112K, committed 59160K, reserved 1099776K
  class space    used 7648K, capacity 8029K, committed 8064K, reserved 1048576K
}
Event: 66.797 GC heap before
{Heap before GC invocations=20 (full 3):
 PSYoungGen      total 173056K, used 4011K [0x00000000e0000000, 0x00000000edf80000, 0x0000000100000000)
  eden space 160256K, 0% used [0x00000000e0000000,0x00000000e0000000,0x00000000e9c80000)
  from space 12800K, 31% used [0x00000000e9c80000,0x00000000ea06ac50,0x00000000ea900000)
  to   space 12800K, 0% used [0x00000000ed300000,0x00000000ed300000,0x00000000edf80000)
 ParOldGen       total 39424K, used 33111K [0x00000000a0000000, 0x00000000a2680000, 0x00000000e0000000)
  object space 39424K, 83% used [0x00000000a0000000,0x00000000a2055f20,0x00000000a2680000)
 Metaspace       used 57442K, capacity 59112K, committed 59160K, reserved 1099776K
  class space    used 7648K, capacity 8029K, committed 8064K, reserved 1048576K
Event: 67.515 GC heap after
Heap after GC invocations=20 (full 3):
 PSYoungGen      total 173056K, used 0K [0x00000000e0000000, 0x00000000edf80000, 0x0000000100000000)
  eden space 160256K, 0% used [0x00000000e0000000,0x00000000e0000000,0x00000000e9c80000)
  from space 12800K, 0% used [0x00000000e9c80000,0x00000000e9c80000,0x00000000ea900000)
  to   space 12800K, 0% used [0x00000000ed300000,0x00000000ed300000,0x00000000edf80000)
 ParOldGen       total 68608K, used 33690K [0x00000000a0000000, 0x00000000a4300000, 0x00000000e0000000)
  object space 68608K, 49% used [0x00000000a0000000,0x00000000a20e6990,0x00000000a4300000)
 Metaspace       used 57442K, capacity 59112K, committed 59160K, reserved 1099776K
  class space    used 7648K, capacity 8029K, committed 8064K, reserved 1048576K
}
Event: 72.187 GC heap before
{Heap before GC invocations=21 (full 3):
 PSYoungGen      total 173056K, used 160256K [0x00000000e0000000, 0x00000000edf80000, 0x0000000100000000)
  eden space 160256K, 100% used [0x00000000e0000000,0x00000000e9c80000,0x00000000e9c80000)
  from space 12800K, 0% used [0x00000000e9c80000,0x00000000e9c80000,0x00000000ea900000)
  to   space 12800K, 0% used [0x00000000ed300000,0x00000000ed300000,0x00000000edf80000)
 ParOldGen       total 68608K, used 33690K [0x00000000a0000000, 0x00000000a4300000, 0x00000000e0000000)
  object space 68608K, 49% used [0x00000000a0000000,0x00000000a20e6990,0x00000000a4300000)
 Metaspace       used 61922K, capacity 63850K, committed 64128K, reserved 1105920K
  class space    used 8090K, capacity 8502K, committed 8576K, reserved 1048576K
Event: 72.206 GC heap after
Heap after GC invocations=21 (full 3):
 PSYoungGen      total 204800K, used 12537K [0x00000000e0000000, 0x00000000edf80000, 0x0000000100000000)
  eden space 192000K, 0% used [0x00000000e0000000,0x00000000e0000000,0x00000000ebb80000)
  from space 12800K, 97% used [0x00000000ed300000,0x00000000edf3e780,0x00000000edf80000)
  to   space 14336K, 0% used [0x00000000ec380000,0x00000000ec380000,0x00000000ed180000)
 ParOldGen       total 68608K, used 33698K [0x00000000a0000000, 0x00000000a4300000, 0x00000000e0000000)
  object space 68608K, 49% used [0x00000000a0000000,0x00000000a20e8990,0x00000000a4300000)
 Metaspace       used 61922K, capacity 63850K, committed 64128K, reserved 1105920K
  class space    used 8090K, capacity 8502K, committed 8576K, reserved 1048576K
}
Event: 1269.925 GC heap before
{Heap before GC invocations=22 (full 3):
 PSYoungGen      total 204800K, used 204537K [0x00000000e0000000, 0x00000000edf80000, 0x0000000100000000)
  eden space 192000K, 100% used [0x00000000e0000000,0x00000000ebb80000,0x00000000ebb80000)
  from space 12800K, 97% used [0x00000000ed300000,0x00000000edf3e780,0x00000000edf80000)
  to   space 14336K, 0% used [0x00000000ec380000,0x00000000ec380000,0x00000000ed180000)
 ParOldGen       total 68608K, used 33698K [0x00000000a0000000, 0x00000000a4300000, 0x00000000e0000000)
  object space 68608K, 49% used [0x00000000a0000000,0x00000000a20e8990,0x00000000a4300000)
 Metaspace       used 65367K, capacity 67304K, committed 67584K, reserved 1107968K
  class space    used 8426K, capacity 8849K, committed 8960K, reserved 1048576K
Event: 1270.142 GC heap after
Heap after GC invocations=22 (full 3):
 PSYoungGen      total 214528K, used 3849K [0x00000000e0000000, 0x00000000ef700000, 0x0000000100000000)
  eden space 200192K, 0% used [0x00000000e0000000,0x00000000e0000000,0x00000000ec380000)
  from space 14336K, 26% used [0x00000000ec380000,0x00000000ec7424b8,0x00000000ed180000)
  to   space 14336K, 0% used [0x00000000ee900000,0x00000000ee900000,0x00000000ef700000)
 ParOldGen       total 68608K, used 36434K [0x00000000a0000000, 0x00000000a4300000, 0x00000000e0000000)
  object space 68608K, 53% used [0x00000000a0000000,0x00000000a23949e8,0x00000000a4300000)
 Metaspace       used 65367K, capacity 67304K, committed 67584K, reserved 1107968K
  class space    used 8426K, capacity 8849K, committed 8960K, reserved 1048576K
}
Event: 1423.505 GC heap before
{Heap before GC invocations=23 (full 3):
 PSYoungGen      total 214528K, used 203413K [0x00000000e0000000, 0x00000000ef700000, 0x0000000100000000)
  eden space 200192K, 99% used [0x00000000e0000000,0x00000000ec2e3060,0x00000000ec380000)
  from space 14336K, 26% used [0x00000000ec380000,0x00000000ec7424b8,0x00000000ed180000)
  to   space 14336K, 0% used [0x00000000ee900000,0x00000000ee900000,0x00000000ef700000)
 ParOldGen       total 68608K, used 36434K [0x00000000a0000000, 0x00000000a4300000, 0x00000000e0000000)
  object space 68608K, 53% used [0x00000000a0000000,0x00000000a23949e8,0x00000000a4300000)
 Metaspace       used 66534K, capacity 68740K, committed 68864K, reserved 1110016K
  class space    used 8476K, capacity 8903K, committed 8960K, reserved 1048576K
Event: 1423.686 GC heap after
Heap after GC invocations=23 (full 3):
 PSYoungGen      total 239104K, used 7462K [0x00000000e0000000, 0x00000000efb00000, 0x0000000100000000)
  eden space 224768K, 0% used [0x00000000e0000000,0x00000000e0000000,0x00000000edb80000)
  from space 14336K, 52% used [0x00000000ee900000,0x00000000ef049830,0x00000000ef700000)
  to   space 13824K, 0% used [0x00000000edb80000,0x00000000edb80000,0x00000000ee900000)
 ParOldGen       total 68608K, used 36442K [0x00000000a0000000, 0x00000000a4300000, 0x00000000e0000000)
  object space 68608K, 53% used [0x00000000a0000000,0x00000000a23969e8,0x00000000a4300000)
 Metaspace       used 66534K, capacity 68740K, committed 68864K, reserved 1110016K
  class space    used 8476K, capacity 8903K, committed 8960K, reserved 1048576K
}

